c:\users\santosh\documents\studies\c++\objects\p1\p1\debug\vc141.pdb
c:\users\santosh\documents\studies\c++\objects\p1\p1\debug\vc141.idb
c:\users\santosh\documents\studies\c++\objects\p1\p1\debug\p1.obj
c:\users\santosh\documents\studies\c++\objects\p1\p1\debug\p1test.obj
c:\users\santosh\documents\studies\c++\objects\p1\debug\p1.pdb
c:\users\santosh\documents\studies\c++\objects\p1\p1\debug\p1.tlog\cl.command.1.tlog
c:\users\santosh\documents\studies\c++\objects\p1\p1\debug\p1.tlog\cl.read.1.tlog
c:\users\santosh\documents\studies\c++\objects\p1\p1\debug\p1.tlog\cl.write.1.tlog
c:\users\santosh\documents\studies\c++\objects\p1\p1\debug\p1.tlog\link-cvtres.read.1.tlog
c:\users\santosh\documents\studies\c++\objects\p1\p1\debug\p1.tlog\link-cvtres.write.1.tlog
c:\users\santosh\documents\studies\c++\objects\p1\p1\debug\p1.tlog\link-rc.read.1.tlog
c:\users\santosh\documents\studies\c++\objects\p1\p1\debug\p1.tlog\link-rc.write.1.tlog
c:\users\santosh\documents\studies\c++\objects\p1\p1\debug\p1.tlog\link.1128-cvtres.read.1.tlog
c:\users\santosh\documents\studies\c++\objects\p1\p1\debug\p1.tlog\link.1128-cvtres.write.1.tlog
c:\users\santosh\documents\studies\c++\objects\p1\p1\debug\p1.tlog\link.1128-rc.read.1.tlog
c:\users\santosh\documents\studies\c++\objects\p1\p1\debug\p1.tlog\link.1128-rc.write.1.tlog
c:\users\santosh\documents\studies\c++\objects\p1\p1\debug\p1.tlog\link.1128.read.1.tlog
c:\users\santosh\documents\studies\c++\objects\p1\p1\debug\p1.tlog\link.1128.write.1.tlog
c:\users\santosh\documents\studies\c++\objects\p1\p1\debug\p1.tlog\link.command.1.tlog
c:\users\santosh\documents\studies\c++\objects\p1\p1\debug\p1.tlog\link.read.1.tlog
c:\users\santosh\documents\studies\c++\objects\p1\p1\debug\p1.tlog\link.write.1.tlog
